Building algernon... done in 98
Building antiword... done in 6
Building apksigner... done in 31
Building aptly... done in 41
Building argp... done in 14
Building arj... done in 17
Building attr... done in 13
Building blogc... done in 16
Building brotli... done in 18
Building busybox... done in 37
Building c-ares... done in 16
Building ca-certificates... done in 6
Building cabextract... done in 11
Building caddy... done in 49
Building capstone... done in 39
Building cmark... done in 12
Building command-not-found... done in 4
Building cppi... done in 26
Building crunch... done in 5
Building cryptopp... done in 68
Building daemonize... done in 9
Building darkhttpd... done in 5
Building dash... done in 15
Building dasm... done in 5
Building datamash... done in 36
Building debianutils... done in 9
Building direnv... done in 10
Building diskus... done in 107
Building dnsmasq... done in 8
Building dtc... done in 6
Building dx... done in 12
Building ecj... done in 55
Building ed... done in 5
Building espeak... done in 132
Building fastmod... done in 103
Building fcgi... done in 29
Building fd... done in 175
Building fdupes... done in 5
Building fftw... done in 205
Building figlet... done in 5
Building fortune... done in 7
Building fsmon... done in 4
Building gbt... done in 8
Building gdbm... done in 19
Building geoip2-database... done in 98
Building getconf... done in 4
Building geth... done in 237
Building giflib... done in 5
Building gifsicle... done in 13
Building git-lfs... done in 34
Building gotty... done in 16
Building gsl... done in 118
Building gumbo-parser... done in 30
Building gzip... done in 27
Building hexyl... done in 42
Building heyu... done in 22
Building hoedown... done in 7
Building hunspell-en-us... done in 13
Building hunspell-ru... done in 17
Building hyperfine... done in 185
Building inotify-tools... done in 27
Building ipfs... done in 124
Building ired... done in 4
Building jhead... done in 5
Building jq... done in 28
Building json-c... done in 21
Building keybase... done in 306
Building kona... done in 9
Building lhasa... done in 13
Building libandroid-glob... done in 5
Building libandroid-shmem... done in 4
Building libandroid-spawn... done in 4
Building libandroid-support... done in 5
Building libbsd... done in 20
Building libbz2... done in 10
Building libc++... done in 5
Building libconfuse... done in 15
Building libcue... done in 6
Building libdb... done in 110
Building libduktape... done in 118
Building libev... done in 14
Building libevent... done in 23
Building libexif... done in 19
Building libexpat... done in 21
Building libffi... done in 16
Building libgc... done in 54
Building libgfshare... done in 16
Building libgmp... done in 89
Building libgpg-error... done in 51
Building libiconv... done in 42
Building libjansson... done in 25
Building libjpeg-turbo... done in 25
Building liblz4... done in 30
Building liblzma... done in 30
Building liblzo... done in 41
Building libmad... done in 21
Building libmcrypt... done in 30
Building libmhash... done in 30
Building libmnl... done in 11
Building libmpdclient... done in 8
Building libmsgpack... done in 7
Building libnet... done in 21
Building libnfs... done in 40
Building libnghttp2... done in 29
Building libnl... done in 34
Building libnpth... done in 13
Building libogg... done in 17
Building libopus... done in 26
Building libpcap... done in 20
Building libpipeline... done in 28
Building libpixman... done in 39
Building libsasl... done in 45
Building libsigsegv... done in 14
Building libsodium... done in 53
Building libsoxr... done in 19
Building libtalloc... done in 54
Building libunibilium... done in 5
Building libuuid... done in 12
Building libuv... done in 27
Building libvterm... done in 5
Building libwebp... done in 47
Building libx264... done in 30
Building libyaml... done in 27
Building lzlib... done in 6
Building m4... done in 38
Building make... done in 19
Building mbedtls... done in 13
Building micro... done in 32
Building mime-support... done in 4
Building mksh... done in 21
Building mktorrent... done in 5
Building morse2ascii... done in 5
Building ncompress... done in 4
Building ncurses... done in 99
Building ndk-multilib... done in 108
Building ndk-sysroot... done in 21
Building net-tools... done in 7
Building nyancat... done in 4
Building openal-soft... done in 19
Building ossp-uuid... done in 20
Building par2... done in 23
Building patch... done in 44
Building pcre... done in 43
Building pcre2... done in 52
Building perl... done in 679
Building pforth... done in 16
Building proxychains-ng... done in 6
Building pv... done in 8
Building pwgen... done in 8
Building quickjs... done in 181
Building rclone... done in 75
Building redir... done in 9
Building redis... done in 22
Building resolv-conf... done in 4
Building restic... done in 94
Building ripgrep... done in 182
Building samefile... done in 8
Building secure-delete... done in 5
Building sed... done in 31
Building sensible-utils... done in 9
Building shellharden... done in 14
Building speexdsp... done in 19
Building sshpass... done in 8
Building strace... done in 66
Building syncthing... done in 60
Building termimage... done in 131
Building termux-am... done in 35
Building termux-exec... done in 5
Building termux-keyring... done in 4
Building termux-licenses... done in 5
Building teseq... done in 9
Building tinyproxy... done in 17
Building tinyscheme... done in 9
Building tracepath... done in 150
Building tsocks... done in 8
Building tsu... done in 4
Building ttyrec... done in 4
Building tweego... done in 49
Building unicorn... done in 212
Building unifdef... done in 5
Building utf8cpp... done in 4
Building utf8proc... done in 7
Building valgrind... done in 181
Building vegeta... done in 64
Building vttest... done in 9
Building wol... done in 24
Building wuzz... done in 76
Building xvidcore... done in 14
Building yajl... done in 6
Building yasm... done in 20
Building zlib... done in 9
Building zsync... done in 14
Building libcap... done in 7
Building openssl... done in 88
Building fcgiwrap... done in 13
Building libmaxminddb... done in 31
Building direvent... done in 14
Building libpopt... done in 19
Building remind... done in 11
Building dos2unix... done in 5
Building findutils... done in 58
Building hfsutils... done in 8
Building indent... done in 16
Building mlocate... done in 20
Building sharutils... ERROR: See /home/builder/.termux-build/_buildall-all/sharutils.err
Skipping algernon
Skipping antiword
Skipping apksigner
Skipping aptly
Skipping argp
Skipping arj
Skipping attr
Skipping blogc
Skipping brotli
Skipping busybox
Skipping c-ares
Skipping ca-certificates
Skipping cabextract
Skipping caddy
Skipping capstone
Skipping cmark
Skipping command-not-found
Skipping cppi
Skipping crunch
Skipping cryptopp
Skipping daemonize
Skipping darkhttpd
Skipping dash
Skipping dasm
Skipping datamash
Skipping debianutils
Skipping direnv
Skipping diskus
Skipping dnsmasq
Skipping dtc
Skipping dx
Skipping ecj
Skipping ed
Skipping espeak
Skipping fastmod
Skipping fcgi
Skipping fd
Skipping fdupes
Skipping fftw
Skipping figlet
Skipping fortune
Skipping fsmon
Skipping gbt
Skipping gdbm
Skipping geoip2-database
Skipping getconf
Skipping geth
Skipping giflib
Skipping gifsicle
Skipping git-lfs
Skipping gotty
Skipping gsl
Skipping gumbo-parser
Skipping gzip
Skipping hexyl
Skipping heyu
Skipping hoedown
Skipping hunspell-en-us
Skipping hunspell-ru
Skipping hyperfine
Skipping inotify-tools
Skipping ipfs
Skipping ired
Skipping jhead
Skipping jq
Skipping json-c
Skipping keybase
Skipping kona
Skipping lhasa
Skipping libandroid-glob
Skipping libandroid-shmem
Skipping libandroid-spawn
Skipping libandroid-support
Skipping libbsd
Skipping libbz2
Skipping libc++
Skipping libconfuse
Skipping libcue
Skipping libdb
Skipping libduktape
Skipping libev
Skipping libevent
Skipping libexif
Skipping libexpat
Skipping libffi
Skipping libgc
Skipping libgfshare
Skipping libgmp
Skipping libgpg-error
Skipping libiconv
Skipping libjansson
Skipping libjpeg-turbo
Skipping liblz4
Skipping liblzma
Skipping liblzo
Skipping libmad
Skipping libmcrypt
Skipping libmhash
Skipping libmnl
Skipping libmpdclient
Skipping libmsgpack
Skipping libnet
Skipping libnfs
Skipping libnghttp2
Skipping libnl
Skipping libnpth
Skipping libogg
Skipping libopus
Skipping libpcap
Skipping libpipeline
Skipping libpixman
Skipping libsasl
Skipping libsigsegv
Skipping libsodium
Skipping libsoxr
Skipping libtalloc
Skipping libunibilium
Skipping libuuid
Skipping libuv
Skipping libvterm
Skipping libwebp
Skipping libx264
Skipping libyaml
Skipping lzlib
Skipping m4
Skipping make
Skipping mbedtls
Skipping micro
Skipping mime-support
Skipping mksh
Skipping mktorrent
Skipping morse2ascii
Skipping ncompress
Skipping ncurses
Skipping ndk-multilib
Skipping ndk-sysroot
Skipping net-tools
Skipping nyancat
Skipping openal-soft
Skipping ossp-uuid
Skipping par2
Skipping patch
Skipping pcre
Skipping pcre2
Skipping perl
Skipping pforth
Skipping proxychains-ng
Skipping pv
Skipping pwgen
Skipping quickjs
Skipping rclone
Skipping redir
Skipping redis
Skipping resolv-conf
Skipping restic
Skipping ripgrep
Skipping samefile
Skipping secure-delete
Skipping sed
Skipping sensible-utils
Skipping shellharden
Skipping speexdsp
Skipping sshpass
Skipping strace
Skipping syncthing
Skipping termimage
Skipping termux-am
Skipping termux-exec
Skipping termux-keyring
Skipping termux-licenses
Skipping teseq
Skipping tinyproxy
Skipping tinyscheme
Skipping tracepath
Skipping tsocks
Skipping tsu
Skipping ttyrec
Skipping tweego
Skipping unicorn
Skipping unifdef
Skipping utf8cpp
Skipping utf8proc
Skipping valgrind
Skipping vegeta
Skipping vttest
Skipping wol
Skipping wuzz
Skipping xvidcore
Skipping yajl
Skipping yasm
Skipping zlib
Skipping zsync
Skipping libcap
Skipping openssl
Skipping fcgiwrap
Skipping libmaxminddb
Skipping direvent
Skipping libpopt
Skipping remind
Skipping dos2unix
Skipping findutils
Skipping hfsutils
Skipping indent
Skipping mlocate
Skipping sharutils
Building tree... done in 10
Building unzip... done in 21
Building zip... done in 17
Building ddrescue... done in 12
Building google-glog... done in 27
Building googletest... done in 30
Building gperf... done in 18
Building hashdeep... done in 39
Building hugo... done in 519
Building jsoncpp... done in 18
Building keystone... done in 134
Building leveldb... done in 32
Building libconfig... done in 69
Building libdispatch... done in 20
Building libgraphite... done in 15
Building libicu... done in 451
Building libvpx... done in 50
Building libx265... done in 35
Building libzopfli... done in 28
Building lzip... done in 11
Building ninja... done in 20
Building ocrad... done in 19
Building p7zip... done in 104
Building patchelf... done in 29
Building play-audio... done in 7
Building ragel... done in 57
Building termux-elf-cleaner... done in 8
Building timewarrior... done in 47
Building unrar... done in 12
Building utfdecode... done in 20
Building vtutils... done in 13
Building gpsbabel... done in 30
Building codecrypt... ERROR: See /home/builder/.termux-build/_buildall-all/codecrypt.err
Skipping algernon
Skipping antiword
Skipping apksigner
Skipping aptly
Skipping argp
Skipping arj
Skipping attr
Skipping blogc
Skipping brotli
Skipping busybox
Skipping c-ares
Skipping ca-certificates
Skipping cabextract
Skipping caddy
Skipping capstone
Skipping cmark
Skipping command-not-found
Skipping cppi
Skipping crunch
Skipping cryptopp
Skipping daemonize
Skipping darkhttpd
Skipping dash
Skipping dasm
Skipping datamash
Skipping debianutils
Skipping direnv
Skipping diskus
Skipping dnsmasq
Skipping dtc
Skipping dx
Skipping ecj
Skipping ed
Skipping espeak
Skipping fastmod
Skipping fcgi
Skipping fd
Skipping fdupes
Skipping fftw
Skipping figlet
Skipping fortune
Skipping fsmon
Skipping gbt
Skipping gdbm
Skipping geoip2-database
Skipping getconf
Skipping geth
Skipping giflib
Skipping gifsicle
Skipping git-lfs
Skipping gotty
Skipping gsl
Skipping gumbo-parser
Skipping gzip
Skipping hexyl
Skipping heyu
Skipping hoedown
Skipping hunspell-en-us
Skipping hunspell-ru
Skipping hyperfine
Skipping inotify-tools
Skipping ipfs
Skipping ired
Skipping jhead
Skipping jq
Skipping json-c
Skipping keybase
Skipping kona
Skipping lhasa
Skipping libandroid-glob
Skipping libandroid-shmem
Skipping libandroid-spawn
Skipping libandroid-support
Skipping libbsd
Skipping libbz2
Skipping libc++
Skipping libconfuse
Skipping libcue
Skipping libdb
Skipping libduktape
Skipping libev
Skipping libevent
Skipping libexif
Skipping libexpat
Skipping libffi
Skipping libgc
Skipping libgfshare
Skipping libgmp
Skipping libgpg-error
Skipping libiconv
Skipping libjansson
Skipping libjpeg-turbo
Skipping liblz4
Skipping liblzma
Skipping liblzo
Skipping libmad
Skipping libmcrypt
Skipping libmhash
Skipping libmnl
Skipping libmpdclient
Skipping libmsgpack
Skipping libnet
Skipping libnfs
Skipping libnghttp2
Skipping libnl
Skipping libnpth
Skipping libogg
Skipping libopus
Skipping libpcap
Skipping libpipeline
Skipping libpixman
Skipping libsasl
Skipping libsigsegv
Skipping libsodium
Skipping libsoxr
Skipping libtalloc
Skipping libunibilium
Skipping libuuid
Skipping libuv
Skipping libvterm
Skipping libwebp
Skipping libx264
Skipping libyaml
Skipping lzlib
Skipping m4
Skipping make
Skipping mbedtls
Skipping micro
Skipping mime-support
Skipping mksh
Skipping mktorrent
Skipping morse2ascii
Skipping ncompress
Skipping ncurses
Skipping ndk-multilib
Skipping ndk-sysroot
Skipping net-tools
Skipping nyancat
Skipping openal-soft
Skipping ossp-uuid
Skipping par2
Skipping patch
Skipping pcre
Skipping pcre2
Skipping perl
Skipping pforth
Skipping proxychains-ng
Skipping pv
Skipping pwgen
Skipping quickjs
Skipping rclone
Skipping redir
Skipping redis
Skipping resolv-conf
Skipping restic
Skipping ripgrep
Skipping samefile
Skipping secure-delete
Skipping sed
Skipping sensible-utils
Skipping shellharden
Skipping speexdsp
Skipping sshpass
Skipping strace
Skipping syncthing
Skipping termimage
Skipping termux-am
Skipping termux-exec
Skipping termux-keyring
Skipping termux-licenses
Skipping teseq
Skipping tinyproxy
Skipping tinyscheme
Skipping tracepath
Skipping tsocks
Skipping tsu
Skipping ttyrec
Skipping tweego
Skipping unicorn
Skipping unifdef
Skipping utf8cpp
Skipping utf8proc
Skipping valgrind
Skipping vegeta
Skipping vttest
Skipping wol
Skipping wuzz
Skipping xvidcore
Skipping yajl
Skipping yasm
Skipping zlib
Skipping zsync
Skipping libcap
Skipping openssl
Skipping fcgiwrap
Skipping libmaxminddb
Skipping direvent
Skipping libpopt
Skipping remind
Skipping dos2unix
Skipping findutils
Skipping hfsutils
Skipping indent
Skipping mlocate
Skipping sharutils
Skipping tree
Skipping unzip
Skipping zip
Skipping ddrescue
Skipping google-glog
Skipping googletest
Skipping gperf
Skipping hashdeep
Skipping hugo
Skipping jsoncpp
Skipping keystone
Skipping leveldb
Skipping libconfig
Skipping libdispatch
Skipping libgraphite
Skipping libicu
Skipping libvpx
Skipping libx265
Skipping libzopfli
Skipping lzip
Skipping ninja
Skipping ocrad
Skipping p7zip
Skipping patchelf
Skipping play-audio
Skipping ragel
Skipping termux-elf-cleaner
Skipping timewarrior
Skipping unrar
Skipping utfdecode
Skipping vtutils
Skipping gpsbabel
Building codecrypt... ERROR: See /home/builder/.termux-build/_buildall-all/codecrypt.err
Skipping algernon
Skipping antiword
Skipping apksigner
Skipping aptly
Skipping argp
Skipping arj
Skipping attr
Skipping blogc
Skipping brotli
Skipping busybox
Skipping c-ares
Skipping ca-certificates
Skipping cabextract
Skipping caddy
Skipping capstone
Skipping cmark
Skipping command-not-found
Skipping cppi
Skipping crunch
Skipping cryptopp
Skipping daemonize
Skipping darkhttpd
Skipping dash
Skipping dasm
Skipping datamash
Skipping debianutils
Skipping direnv
Skipping diskus
Skipping dnsmasq
Skipping dtc
Skipping dx
Skipping ecj
Skipping ed
Skipping espeak
Skipping fastmod
Skipping fcgi
Skipping fd
Skipping fdupes
Skipping fftw
Skipping figlet
Skipping fortune
Skipping fsmon
Skipping gbt
Skipping gdbm
Skipping geoip2-database
Skipping getconf
Skipping geth
Skipping giflib
Skipping gifsicle
Skipping git-lfs
Skipping gotty
Skipping gsl
Skipping gumbo-parser
Skipping gzip
Skipping hexyl
Skipping heyu
Skipping hoedown
Skipping hunspell-en-us
Skipping hunspell-ru
Skipping hyperfine
Skipping inotify-tools
Skipping ipfs
Skipping ired
Skipping jhead
Skipping jq
Skipping json-c
Skipping keybase
Skipping kona
Skipping lhasa
Skipping libandroid-glob
Skipping libandroid-shmem
Skipping libandroid-spawn
Skipping libandroid-support
Skipping libbsd
Skipping libbz2
Skipping libc++
Skipping libconfuse
Skipping libcue
Skipping libdb
Skipping libduktape
Skipping libev
Skipping libevent
Skipping libexif
Skipping libexpat
Skipping libffi
Skipping libgc
Skipping libgfshare
Skipping libgmp
Skipping libgpg-error
Skipping libiconv
Skipping libjansson
Skipping libjpeg-turbo
Skipping liblz4
Skipping liblzma
Skipping liblzo
Skipping libmad
Skipping libmcrypt
Skipping libmhash
Skipping libmnl
Skipping libmpdclient
Skipping libmsgpack
Skipping libnet
Skipping libnfs
Skipping libnghttp2
Skipping libnl
Skipping libnpth
Skipping libogg
Skipping libopus
Skipping libpcap
Skipping libpipeline
Skipping libpixman
Skipping libsasl
Skipping libsigsegv
Skipping libsodium
Skipping libsoxr
Skipping libtalloc
Skipping libunibilium
Skipping libuuid
Skipping libuv
Skipping libvterm
Skipping libwebp
Skipping libx264
Skipping libyaml
Skipping lzlib
Skipping m4
Skipping make
Skipping mbedtls
Skipping micro
Skipping mime-support
Skipping mksh
Skipping mktorrent
Skipping morse2ascii
Skipping ncompress
Skipping ncurses
Skipping ndk-multilib
Skipping ndk-sysroot
Skipping net-tools
Skipping nyancat
Skipping openal-soft
Skipping ossp-uuid
Skipping par2
Skipping patch
Skipping pcre
Skipping pcre2
Skipping perl
Skipping pforth
Skipping proxychains-ng
Skipping pv
Skipping pwgen
Skipping quickjs
Skipping rclone
Skipping redir
Skipping redis
Skipping resolv-conf
Skipping restic
Skipping ripgrep
Skipping samefile
Skipping secure-delete
Skipping sed
Skipping sensible-utils
Skipping shellharden
Skipping speexdsp
Skipping sshpass
Skipping strace
Skipping syncthing
Skipping termimage
Skipping termux-am
Skipping termux-exec
Skipping termux-keyring
Skipping termux-licenses
Skipping teseq
Skipping tinyproxy
Skipping tinyscheme
Skipping tracepath
Skipping tsocks
Skipping tsu
Skipping ttyrec
Skipping tweego
Skipping unicorn
Skipping unifdef
Skipping utf8cpp
Skipping utf8proc
Skipping valgrind
Skipping vegeta
Skipping vttest
Skipping wol
Skipping wuzz
Skipping xvidcore
Skipping yajl
Skipping yasm
Skipping zlib
Skipping zsync
Skipping libcap
Skipping openssl
Skipping fcgiwrap
Skipping libmaxminddb
Skipping direvent
Skipping libpopt
Skipping remind
Skipping dos2unix
Skipping findutils
Skipping hfsutils
Skipping indent
Skipping mlocate
Skipping sharutils
Skipping tree
Skipping unzip
Skipping zip
Skipping ddrescue
Skipping google-glog
Skipping googletest
Skipping gperf
Skipping hashdeep
Skipping hugo
Skipping jsoncpp
Skipping keystone
Skipping leveldb
Skipping libconfig
Skipping libdispatch
Skipping libgraphite
Skipping libicu
Skipping libvpx
Skipping libx265
Skipping libzopfli
Skipping lzip
Skipping ninja
Skipping ocrad
Skipping p7zip
Skipping patchelf
Skipping play-audio
Skipping ragel
Skipping termux-elf-cleaner
Skipping timewarrior
Skipping unrar
Skipping utfdecode
Skipping vtutils
Skipping gpsbabel
Skipping codecrypt
Building libcln... done in 487
Building libisl... done in 67
Building libmpfr... done in 52
Building libnettle... done in 58
Building ssss... done in 7
Building libassuan... done in 26
Building libgcrypt... done in 68
Building libksba... done in 26
Building coreutils... done in 135
Building ctags... done in 64
Building diffutils... done in 49
Building doxygen... done in 268
Building libidn... done in 81
Building libunistring... done in 210
Building mtools... done in 33
Building tar... done in 70
Building libjasper... done in 16
Building lzop... done in 40
Building libnftnl... done in 25
Building mpc... done in 19
Building libflac... done in 53
Building liboggz... done in 34
Building libvorbis... done in 33
Building libopusenc... done in 20
Building opusfile... done in 26
Building memcached... done in 22
Building c-toxcore... done in 16
Building libzmq... done in 134
Building proot... done in 20
Building libtermkey... done in 9
Building apr... done in 59
Building radare2... done in 320
Building wren... done in 9
Building plzip... done in 11
Building bison... ERROR: See /home/builder/.termux-build/_buildall-all/bison.err
Skipping algernon
Skipping antiword
Skipping apksigner
Skipping aptly
Skipping argp
Skipping arj
Skipping attr
Skipping blogc
Skipping brotli
Skipping busybox
Skipping c-ares
Skipping ca-certificates
Skipping cabextract
Skipping caddy
Skipping capstone
Skipping cmark
Skipping command-not-found
Skipping cppi
Skipping crunch
Skipping cryptopp
Skipping daemonize
Skipping darkhttpd
Skipping dash
Skipping dasm
Skipping datamash
Skipping debianutils
Skipping direnv
Skipping diskus
Skipping dnsmasq
Skipping dtc
Skipping dx
Skipping ecj
Skipping ed
Skipping espeak
Skipping fastmod
Skipping fcgi
Skipping fd
Skipping fdupes
Skipping fftw
Skipping figlet
Skipping fortune
Skipping fsmon
Skipping gbt
Skipping gdbm
Skipping geoip2-database
Skipping getconf
Skipping geth
Skipping giflib
Skipping gifsicle
Skipping git-lfs
Skipping gotty
Skipping gsl
Skipping gumbo-parser
Skipping gzip
Skipping hexyl
Skipping heyu
Skipping hoedown
Skipping hunspell-en-us
Skipping hunspell-ru
Skipping hyperfine
Skipping inotify-tools
Skipping ipfs
Skipping ired
Skipping jhead
Skipping jq
Skipping json-c
Skipping keybase
Skipping kona
Skipping lhasa
Skipping libandroid-glob
Skipping libandroid-shmem
Skipping libandroid-spawn
Skipping libandroid-support
Skipping libbsd
Skipping libbz2
Skipping libc++
Skipping libconfuse
Skipping libcue
Skipping libdb
Skipping libduktape
Skipping libev
Skipping libevent
Skipping libexif
Skipping libexpat
Skipping libffi
Skipping libgc
Skipping libgfshare
Skipping libgmp
Skipping libgpg-error
Skipping libiconv
Skipping libjansson
Skipping libjpeg-turbo
Skipping liblz4
Skipping liblzma
Skipping liblzo
Skipping libmad
Skipping libmcrypt
Skipping libmhash
Skipping libmnl
Skipping libmpdclient
Skipping libmsgpack
Skipping libnet
Skipping libnfs
Skipping libnghttp2
Skipping libnl
Skipping libnpth
Skipping libogg
Skipping libopus
Skipping libpcap
Skipping libpipeline
Skipping libpixman
Skipping libsasl
Skipping libsigsegv
Skipping libsodium
Skipping libsoxr
Skipping libtalloc
Skipping libunibilium
Skipping libuuid
Skipping libuv
Skipping libvterm
Skipping libwebp
Skipping libx264
Skipping libyaml
Skipping lzlib
Skipping m4
Skipping make
Skipping mbedtls
Skipping micro
Skipping mime-support
Skipping mksh
Skipping mktorrent
Skipping morse2ascii
Skipping ncompress
Skipping ncurses
Skipping ndk-multilib
Skipping ndk-sysroot
Skipping net-tools
Skipping nyancat
Skipping openal-soft
Skipping ossp-uuid
Skipping par2
Skipping patch
Skipping pcre
Skipping pcre2
Skipping perl
Skipping pforth
Skipping proxychains-ng
Skipping pv
Skipping pwgen
Skipping quickjs
Skipping rclone
Skipping redir
Skipping redis
Skipping resolv-conf
Skipping restic
Skipping ripgrep
Skipping samefile
Skipping secure-delete
Skipping sed
Skipping sensible-utils
Skipping shellharden
Skipping speexdsp
Skipping sshpass
Skipping strace
Skipping syncthing
Skipping termimage
Skipping termux-am
Skipping termux-exec
Skipping termux-keyring
Skipping termux-licenses
Skipping teseq
Skipping tinyproxy
Skipping tinyscheme
Skipping tracepath
Skipping tsocks
Skipping tsu
Skipping ttyrec
Skipping tweego
Skipping unicorn
Skipping unifdef
Skipping utf8cpp
Skipping utf8proc
Skipping valgrind
Skipping vegeta
Skipping vttest
Skipping wol
Skipping wuzz
Skipping xvidcore
Skipping yajl
Skipping yasm
Skipping zlib
Skipping zsync
Skipping libcap
Skipping openssl
Skipping fcgiwrap
Skipping libmaxminddb
Skipping direvent
Skipping libpopt
Skipping remind
Skipping dos2unix
Skipping findutils
Skipping hfsutils
Skipping indent
Skipping mlocate
Skipping sharutils
Skipping tree
Skipping unzip
Skipping zip
Skipping ddrescue
Skipping google-glog
Skipping googletest
Skipping gperf
Skipping hashdeep
Skipping hugo
Skipping jsoncpp
Skipping keystone
Skipping leveldb
Skipping libconfig
Skipping libdispatch
Skipping libgraphite
Skipping libicu
Skipping libvpx
Skipping libx265
Skipping libzopfli
Skipping lzip
Skipping ninja
Skipping ocrad
Skipping p7zip
Skipping patchelf
Skipping play-audio
Skipping ragel
Skipping termux-elf-cleaner
Skipping timewarrior
Skipping unrar
Skipping utfdecode
Skipping vtutils
Skipping gpsbabel
Skipping codecrypt
Skipping libcln
Skipping libisl
Skipping libmpfr
Skipping libnettle
Skipping ssss
Skipping libassuan
Skipping libgcrypt
Skipping libksba
Skipping coreutils
Skipping ctags
Skipping diffutils
Skipping doxygen
Skipping libidn
Skipping libunistring
Skipping mtools
Skipping tar
Skipping libjasper
Skipping lzop
Skipping libnftnl
Skipping mpc
Skipping libflac
Skipping liboggz
Skipping libvorbis
Skipping libopusenc
Skipping opusfile
Skipping memcached
Skipping c-toxcore
Skipping libzmq
Skipping proot
Skipping libtermkey
Skipping apr
Skipping radare2
Skipping wren
Skipping plzip
Skipping bison
Building flex... done in 40
Building bmon... done in 32
Building bvi... done in 20
Building calcurse... done in 18
Building cmatrix... done in 23
Building cscope... done in 19
Building dialog... done in 28
Building dvtm... done in 10
Building gcal... ERROR: See /home/builder/.termux-build/_buildall-all/gcal.err
Skipping algernon
Skipping antiword
Skipping apksigner
Skipping aptly
Skipping argp
Skipping arj
Skipping attr
Skipping blogc
Skipping brotli
Skipping busybox
Skipping c-ares
Skipping ca-certificates
Skipping cabextract
Skipping caddy
Skipping capstone
Skipping cmark
Skipping command-not-found
Skipping cppi
Skipping crunch
Skipping cryptopp
Skipping daemonize
Skipping darkhttpd
Skipping dash
Skipping dasm
Skipping datamash
Skipping debianutils
Skipping direnv
Skipping diskus
Skipping dnsmasq
Skipping dtc
Skipping dx
Skipping ecj
Skipping ed
Skipping espeak
Skipping fastmod
Skipping fcgi
Skipping fd
Skipping fdupes
Skipping fftw
Skipping figlet
Skipping fortune
Skipping fsmon
Skipping gbt
Skipping gdbm
Skipping geoip2-database
Skipping getconf
Skipping geth
Skipping giflib
Skipping gifsicle
Skipping git-lfs
Skipping gotty
Skipping gsl
Skipping gumbo-parser
Skipping gzip
Skipping hexyl
Skipping heyu
Skipping hoedown
Skipping hunspell-en-us
Skipping hunspell-ru
Skipping hyperfine
Skipping inotify-tools
Skipping ipfs
Skipping ired
Skipping jhead
Skipping jq
Skipping json-c
Skipping keybase
Skipping kona
Skipping lhasa
Skipping libandroid-glob
Skipping libandroid-shmem
Skipping libandroid-spawn
Skipping libandroid-support
Skipping libbsd
Skipping libbz2
Skipping libc++
Skipping libconfuse
Skipping libcue
Skipping libdb
Skipping libduktape
Skipping libev
Skipping libevent
Skipping libexif
Skipping libexpat
Skipping libffi
Skipping libgc
Skipping libgfshare
Skipping libgmp
Skipping libgpg-error
Skipping libiconv
Skipping libjansson
Skipping libjpeg-turbo
Skipping liblz4
Skipping liblzma
Skipping liblzo
Skipping libmad
Skipping libmcrypt
Skipping libmhash
Skipping libmnl
Skipping libmpdclient
Skipping libmsgpack
Skipping libnet
Skipping libnfs
Skipping libnghttp2
Skipping libnl
Skipping libnpth
Skipping libogg
Skipping libopus
Skipping libpcap
Skipping libpipeline
Skipping libpixman
Skipping libsasl
Skipping libsigsegv
Skipping libsodium
Skipping libsoxr
Skipping libtalloc
Skipping libunibilium
Skipping libuuid
Skipping libuv
Skipping libvterm
Skipping libwebp
Skipping libx264
Skipping libyaml
Skipping lzlib
Skipping m4
Skipping make
Skipping mbedtls
Skipping micro
Skipping mime-support
Skipping mksh
Skipping mktorrent
Skipping morse2ascii
Skipping ncompress
Skipping ncurses
Skipping ndk-multilib
Skipping ndk-sysroot
Skipping net-tools
Skipping nyancat
Skipping openal-soft
Skipping ossp-uuid
Skipping par2
Skipping patch
Skipping pcre
Skipping pcre2
Skipping perl
Skipping pforth
Skipping proxychains-ng
Skipping pv
Skipping pwgen
Skipping quickjs
Skipping rclone
Skipping redir
Skipping redis
Skipping resolv-conf
Skipping restic
Skipping ripgrep
Skipping samefile
Skipping secure-delete
Skipping sed
Skipping sensible-utils
Skipping shellharden
Skipping speexdsp
Skipping sshpass
Skipping strace
Skipping syncthing
Skipping termimage
Skipping termux-am
Skipping termux-exec
Skipping termux-keyring
Skipping termux-licenses
Skipping teseq
Skipping tinyproxy
Skipping tinyscheme
Skipping tracepath
Skipping tsocks
Skipping tsu
Skipping ttyrec
Skipping tweego
Skipping unicorn
Skipping unifdef
Skipping utf8cpp
Skipping utf8proc
Skipping valgrind
Skipping vegeta
Skipping vttest
Skipping wol
Skipping wuzz
Skipping xvidcore
Skipping yajl
Skipping yasm
Skipping zlib
Skipping zsync
Skipping libcap
Skipping openssl
Skipping fcgiwrap
Skipping libmaxminddb
Skipping direvent
Skipping libpopt
Skipping remind
Skipping dos2unix
Skipping findutils
Skipping hfsutils
Skipping indent
Skipping mlocate
Skipping sharutils
Skipping tree
Skipping unzip
Skipping zip
Skipping ddrescue
Skipping google-glog
Skipping googletest
Skipping gperf
Skipping hashdeep
Skipping hugo
Skipping jsoncpp
Skipping keystone
Skipping leveldb
Skipping libconfig
Skipping libdispatch
Skipping libgraphite
Skipping libicu
Skipping libvpx
Skipping libx265
Skipping libzopfli
Skipping lzip
Skipping ninja
Skipping ocrad
Skipping p7zip
Skipping patchelf
Skipping play-audio
Skipping ragel
Skipping termux-elf-cleaner
Skipping timewarrior
Skipping unrar
Skipping utfdecode
Skipping vtutils
Skipping gpsbabel
Skipping codecrypt
Skipping libcln
Skipping libisl
Skipping libmpfr
Skipping libnettle
Skipping ssss
Skipping libassuan
Skipping libgcrypt
Skipping libksba
Skipping coreutils
Skipping ctags
Skipping diffutils
Skipping doxygen
Skipping libidn
Skipping libunistring
Skipping mtools
Skipping tar
Skipping libjasper
Skipping lzop
Skipping libnftnl
Skipping mpc
Skipping libflac
Skipping liboggz
Skipping libvorbis
Skipping libopusenc
Skipping opusfile
Skipping memcached
Skipping c-toxcore
Skipping libzmq
Skipping proot
Skipping libtermkey
Skipping apr
Skipping radare2
Skipping wren
Skipping plzip
Skipping bison
Skipping flex
Skipping bmon
Skipping bvi
Skipping calcurse
Skipping cmatrix
Skipping cscope
Skipping dialog
Skipping dvtm
Skipping gcal
Building gnuit... done in 54
Building gtypist... done in 24
Building hexcurse... done in 14
Building hexedit... done in 15
Building htop... done in 18
Building joe... done in 40
Building jupp... done in 41
Building kakoune... done in 125
Building less... done in 20
Building libedit... done in 29
Building libmp3lame... done in 41
Building loksh... done in 12
Building mdp... done in 7
Building mg... done in 11
Building minicom... done in 20
Building multitail... done in 9
Building nano... done in 48
Building ncdu... done in 14
Building ne... ERROR: See /home/builder/.termux-build/_buildall-all/ne.err
Skipping algernon
Skipping antiword
Skipping apksigner
Skipping aptly
Skipping argp
Skipping arj
Skipping attr
Skipping blogc
Skipping brotli
Skipping busybox
Skipping c-ares
Skipping ca-certificates
Skipping cabextract
Skipping caddy
Skipping capstone
Skipping cmark
Skipping command-not-found
Skipping cppi
Skipping crunch
Skipping cryptopp
Skipping daemonize
Skipping darkhttpd
Skipping dash
Skipping dasm
Skipping datamash
Skipping debianutils
Skipping direnv
Skipping diskus
Skipping dnsmasq
Skipping dtc
Skipping dx
Skipping ecj
Skipping ed
Skipping espeak
Skipping fastmod
Skipping fcgi
Skipping fd
Skipping fdupes
Skipping fftw
Skipping figlet
Skipping fortune
Skipping fsmon
Skipping gbt
Skipping gdbm
Skipping geoip2-database
Skipping getconf
Skipping geth
Skipping giflib
Skipping gifsicle
Skipping git-lfs
Skipping gotty
Skipping gsl
Skipping gumbo-parser
Skipping gzip
Skipping hexyl
Skipping heyu
Skipping hoedown
Skipping hunspell-en-us
Skipping hunspell-ru
Skipping hyperfine
Skipping inotify-tools
Skipping ipfs
Skipping ired
Skipping jhead
Skipping jq
Skipping json-c
Skipping keybase
Skipping kona
Skipping lhasa
Skipping libandroid-glob
Skipping libandroid-shmem
Skipping libandroid-spawn
Skipping libandroid-support
Skipping libbsd
Skipping libbz2
Skipping libc++
Skipping libconfuse
Skipping libcue
Skipping libdb
Skipping libduktape
Skipping libev
Skipping libevent
Skipping libexif
Skipping libexpat
Skipping libffi
Skipping libgc
Skipping libgfshare
Skipping libgmp
Skipping libgpg-error
Skipping libiconv
Skipping libjansson
Skipping libjpeg-turbo
Skipping liblz4
Skipping liblzma
Skipping liblzo
Skipping libmad
Skipping libmcrypt
Skipping libmhash
Skipping libmnl
Skipping libmpdclient
Skipping libmsgpack
Skipping libnet
Skipping libnfs
Skipping libnghttp2
Skipping libnl
Skipping libnpth
Skipping libogg
Skipping libopus
Skipping libpcap
Skipping libpipeline
Skipping libpixman
Skipping libsasl
Skipping libsigsegv
Skipping libsodium
Skipping libsoxr
Skipping libtalloc
Skipping libunibilium
Skipping libuuid
Skipping libuv
Skipping libvterm
Skipping libwebp
Skipping libx264
Skipping libyaml
Skipping lzlib
Skipping m4
Skipping make
Skipping mbedtls
Skipping micro
Skipping mime-support
Skipping mksh
Skipping mktorrent
Skipping morse2ascii
Skipping ncompress
Skipping ncurses
Skipping ndk-multilib
Skipping ndk-sysroot
Skipping net-tools
Skipping nyancat
Skipping openal-soft
Skipping ossp-uuid
Skipping par2
Skipping patch
Skipping pcre
Skipping pcre2
Skipping perl
Skipping pforth
Skipping proxychains-ng
Skipping pv
Skipping pwgen
Skipping quickjs
Skipping rclone
Skipping redir
Skipping redis
Skipping resolv-conf
Skipping restic
Skipping ripgrep
Skipping samefile
Skipping secure-delete
Skipping sed
Skipping sensible-utils
Skipping shellharden
Skipping speexdsp
Skipping sshpass
Skipping strace
Skipping syncthing
Skipping termimage
Skipping termux-am
Skipping termux-exec
Skipping termux-keyring
Skipping termux-licenses
Skipping teseq
Skipping tinyproxy
Skipping tinyscheme
Skipping tracepath
Skipping tsocks
Skipping tsu
Skipping ttyrec
Skipping tweego
Skipping unicorn
Skipping unifdef
Skipping utf8cpp
Skipping utf8proc
Skipping valgrind
Skipping vegeta
Skipping vttest
Skipping wol
Skipping wuzz
Skipping xvidcore
Skipping yajl
Skipping yasm
Skipping zlib
Skipping zsync
Skipping libcap
Skipping openssl
Skipping fcgiwrap
Skipping libmaxminddb
Skipping direvent
Skipping libpopt
Skipping remind
Skipping dos2unix
Skipping findutils
Skipping hfsutils
Skipping indent
Skipping mlocate
Skipping sharutils
Skipping tree
Skipping unzip
Skipping zip
Skipping ddrescue
Skipping google-glog
Skipping googletest
Skipping gperf
Skipping hashdeep
Skipping hugo
Skipping jsoncpp
Skipping keystone
Skipping leveldb
Skipping libconfig
Skipping libdispatch
Skipping libgraphite
Skipping libicu
Skipping libvpx
Skipping libx265
Skipping libzopfli
Skipping lzip
Skipping ninja
Skipping ocrad
Skipping p7zip
Skipping patchelf
Skipping play-audio
Skipping ragel
Skipping termux-elf-cleaner
Skipping timewarrior
Skipping unrar
Skipping utfdecode
Skipping vtutils
Skipping gpsbabel
Skipping codecrypt
Skipping libcln
Skipping libisl
Skipping libmpfr
Skipping libnettle
Skipping ssss
Skipping libassuan
Skipping libgcrypt
Skipping libksba
Skipping coreutils
Skipping ctags
Skipping diffutils
Skipping doxygen
Skipping libidn
Skipping libunistring
Skipping mtools
Skipping tar
Skipping libjasper
Skipping lzop
Skipping libnftnl
Skipping mpc
Skipping libflac
Skipping liboggz
Skipping libvorbis
Skipping libopusenc
Skipping opusfile
Skipping memcached
Skipping c-toxcore
Skipping libzmq
Skipping proot
Skipping libtermkey
Skipping apr
Skipping radare2
Skipping wren
Skipping plzip
Skipping bison
Skipping flex
Skipping bmon
Skipping bvi
Skipping calcurse
Skipping cmatrix
Skipping cscope
Skipping dialog
Skipping dvtm
Skipping gcal
Skipping gnuit
Skipping gtypist
Skipping hexcurse
Skipping hexedit
Skipping htop
Skipping joe
Skipping jupp
Skipping kakoune
Skipping less
Skipping libedit
Skipping libmp3lame
Skipping loksh
Skipping mdp
Skipping mg
Skipping minicom
Skipping multitail
Skipping nano
Skipping ncdu
Building ne... ERROR: See /home/builder/.termux-build/_buildall-all/ne.err
Skipping algernon
Skipping antiword
Skipping apksigner
Skipping aptly
Skipping argp
Skipping arj
Skipping attr
Skipping blogc
Skipping brotli
Skipping busybox
Skipping c-ares
Skipping ca-certificates
Skipping cabextract
Skipping caddy
Skipping capstone
Skipping cmark
Skipping command-not-found
Skipping cppi
Skipping crunch
Skipping cryptopp
Skipping daemonize
Skipping darkhttpd
Skipping dash
Skipping dasm
Skipping datamash
Skipping debianutils
Skipping direnv
Skipping diskus
Skipping dnsmasq
Skipping dtc
Skipping dx
Skipping ecj
Skipping ed
Skipping espeak
Skipping fastmod
Skipping fcgi
Skipping fd
Skipping fdupes
Skipping fftw
Skipping figlet
Skipping fortune
Skipping fsmon
Skipping gbt
Skipping gdbm
Skipping geoip2-database
Skipping getconf
Skipping geth
Skipping giflib
Skipping gifsicle
Skipping git-lfs
Skipping gotty
Skipping gsl
Skipping gumbo-parser
Skipping gzip
Skipping hexyl
Skipping heyu
Skipping hoedown
Skipping hunspell-en-us
Skipping hunspell-ru
Skipping hyperfine
Skipping inotify-tools
Skipping ipfs
Skipping ired
Skipping jhead
Skipping jq
Skipping json-c
Skipping keybase
Skipping kona
Skipping lhasa
Skipping libandroid-glob
Skipping libandroid-shmem
Skipping libandroid-spawn
Skipping libandroid-support
Skipping libbsd
Skipping libbz2
Skipping libc++
Skipping libconfuse
Skipping libcue
Skipping libdb
Skipping libduktape
Skipping libev
Skipping libevent
Skipping libexif
Skipping libexpat
Skipping libffi
Skipping libgc
Skipping libgfshare
Skipping libgmp
Skipping libgpg-error
Skipping libiconv
Skipping libjansson
Skipping libjpeg-turbo
Skipping liblz4
Skipping liblzma
Skipping liblzo
Skipping libmad
Skipping libmcrypt
Skipping libmhash
Skipping libmnl
Skipping libmpdclient
Skipping libmsgpack
Skipping libnet
Skipping libnfs
Skipping libnghttp2
Skipping libnl
Skipping libnpth
Skipping libogg
Skipping libopus
Skipping libpcap
Skipping libpipeline
Skipping libpixman
Skipping libsasl
Skipping libsigsegv
Skipping libsodium
Skipping libsoxr
Skipping libtalloc
Skipping libunibilium
Skipping libuuid
Skipping libuv
Skipping libvterm
Skipping libwebp
Skipping libx264
Skipping libyaml
Skipping lzlib
Skipping m4
Skipping make
Skipping mbedtls
Skipping micro
Skipping mime-support
Skipping mksh
Skipping mktorrent
Skipping morse2ascii
Skipping ncompress
Skipping ncurses
Skipping ndk-multilib
Skipping ndk-sysroot
Skipping net-tools
Skipping nyancat
Skipping openal-soft
Skipping ossp-uuid
Skipping par2
Skipping patch
Skipping pcre
Skipping pcre2
Skipping perl
Skipping pforth
Skipping proxychains-ng
Skipping pv
Skipping pwgen
Skipping quickjs
Skipping rclone
Skipping redir
Skipping redis
Skipping resolv-conf
Skipping restic
Skipping ripgrep
Skipping samefile
Skipping secure-delete
Skipping sed
Skipping sensible-utils
Skipping shellharden
Skipping speexdsp
Skipping sshpass
Skipping strace
Skipping syncthing
Skipping termimage
Skipping termux-am
Skipping termux-exec
Skipping termux-keyring
Skipping termux-licenses
Skipping teseq
Skipping tinyproxy
Skipping tinyscheme
Skipping tracepath
Skipping tsocks
Skipping tsu
Skipping ttyrec
Skipping tweego
Skipping unicorn
Skipping unifdef
Skipping utf8cpp
Skipping utf8proc
Skipping valgrind
Skipping vegeta
Skipping vttest
Skipping wol
Skipping wuzz
Skipping xvidcore
Skipping yajl
Skipping yasm
Skipping zlib
Skipping zsync
Skipping libcap
Skipping openssl
Skipping fcgiwrap
Skipping libmaxminddb
Skipping direvent
Skipping libpopt
Skipping remind
Skipping dos2unix
Skipping findutils
Skipping hfsutils
Skipping indent
Skipping mlocate
Skipping sharutils
Skipping tree
Skipping unzip
Skipping zip
Skipping ddrescue
Skipping google-glog
Skipping googletest
Skipping gperf
Skipping hashdeep
Skipping hugo
Skipping jsoncpp
Skipping keystone
Skipping leveldb
Skipping libconfig
Skipping libdispatch
Skipping libgraphite
Skipping libicu
Skipping libvpx
Skipping libx265
Skipping libzopfli
Skipping lzip
Skipping ninja
Skipping ocrad
Skipping p7zip
Skipping patchelf
Skipping play-audio
Skipping ragel
Skipping termux-elf-cleaner
Skipping timewarrior
Skipping unrar
Skipping utfdecode
Skipping vtutils
Skipping gpsbabel
Skipping codecrypt
Skipping libcln
Skipping libisl
Skipping libmpfr
Skipping libnettle
Skipping ssss
Skipping libassuan
Skipping libgcrypt
Skipping libksba
Skipping coreutils
Skipping ctags
Skipping diffutils
Skipping doxygen
Skipping libidn
Skipping libunistring
Skipping mtools
Skipping tar
Skipping libjasper
Skipping lzop
Skipping libnftnl
Skipping mpc
Skipping libflac
Skipping liboggz
Skipping libvorbis
Skipping libopusenc
Skipping opusfile
Skipping memcached
Skipping c-toxcore
Skipping libzmq
Skipping proot
Skipping libtermkey
Skipping apr
Skipping radare2
Skipping wren
Skipping plzip
Skipping bison
Skipping flex
Skipping bmon
Skipping bvi
Skipping calcurse
Skipping cmatrix
Skipping cscope
Skipping dialog
Skipping dvtm
Skipping gcal
Skipping gnuit
Skipping gtypist
Skipping hexcurse
Skipping hexedit
Skipping htop
Skipping joe
Skipping jupp
Skipping kakoune
Skipping less
Skipping libedit
Skipping libmp3lame
Skipping loksh
Skipping mdp
Skipping mg
Skipping minicom
Skipping multitail
Skipping nano
Skipping ncdu
Building ne... done in 35
Building oleo... done in 27
Building pick... done in 9
Building procps... done in 35
Building psmisc... done in 22
Building readline... done in 30
Building sc... done in 12
Building sl... done in 7
Building stag... done in 7
Building stfl... done in 9
Building tmux... done in 31
Building tty-clock... done in 7
Building vim... done in 106
Building zile... ERROR: See /home/builder/.termux-build/_buildall-all/zile.err
Skipping algernon
Skipping antiword
Skipping apksigner
Skipping aptly
Skipping argp
Skipping arj
Skipping attr
Skipping blogc
Skipping brotli
Skipping busybox
Skipping c-ares
Skipping ca-certificates
Skipping cabextract
Skipping caddy
Skipping capstone
Skipping cmark
Skipping command-not-found
Skipping cppi
Skipping crunch
Skipping cryptopp
Skipping daemonize
Skipping darkhttpd
Skipping dash
Skipping dasm
Skipping datamash
Skipping debianutils
Skipping direnv
Skipping diskus
Skipping dnsmasq
Skipping dtc
Skipping dx
Skipping ecj
Skipping ed
Skipping espeak
Skipping fastmod
Skipping fcgi
Skipping fd
Skipping fdupes
Skipping fftw
Skipping figlet
Skipping fortune
Skipping fsmon
Skipping gbt
Skipping gdbm
Skipping geoip2-database
Skipping getconf
Skipping geth
Skipping giflib
Skipping gifsicle
Skipping git-lfs
Skipping gotty
Skipping gsl
Skipping gumbo-parser
Skipping gzip
Skipping hexyl
Skipping heyu
Skipping hoedown
Skipping hunspell-en-us
Skipping hunspell-ru
Skipping hyperfine
Skipping inotify-tools
Skipping ipfs
Skipping ired
Skipping jhead
Skipping jq
Skipping json-c
Skipping keybase
Skipping kona
Skipping lhasa
Skipping libandroid-glob
Skipping libandroid-shmem
Skipping libandroid-spawn
Skipping libandroid-support
Skipping libbsd
Skipping libbz2
Skipping libc++
Skipping libconfuse
Skipping libcue
Skipping libdb
Skipping libduktape
Skipping libev
Skipping libevent
Skipping libexif
Skipping libexpat
Skipping libffi
Skipping libgc
Skipping libgfshare
Skipping libgmp
Skipping libgpg-error
Skipping libiconv
Skipping libjansson
Skipping libjpeg-turbo
Skipping liblz4
Skipping liblzma
Skipping liblzo
Skipping libmad
Skipping libmcrypt
Skipping libmhash
Skipping libmnl
Skipping libmpdclient
Skipping libmsgpack
Skipping libnet
Skipping libnfs
Skipping libnghttp2
Skipping libnl
Skipping libnpth
Skipping libogg
Skipping libopus
Skipping libpcap
Skipping libpipeline
Skipping libpixman
Skipping libsasl
Skipping libsigsegv
Skipping libsodium
Skipping libsoxr
Skipping libtalloc
Skipping libunibilium
Skipping libuuid
Skipping libuv
Skipping libvterm
Skipping libwebp
Skipping libx264
Skipping libyaml
Skipping lzlib
Skipping m4
Skipping make
Skipping mbedtls
Skipping micro
Skipping mime-support
Skipping mksh
Skipping mktorrent
Skipping morse2ascii
Skipping ncompress
Skipping ncurses
Skipping ndk-multilib
Skipping ndk-sysroot
Skipping net-tools
Skipping nyancat
Skipping openal-soft
Skipping ossp-uuid
Skipping par2
Skipping patch
Skipping pcre
Skipping pcre2
Skipping perl
Skipping pforth
Skipping proxychains-ng
Skipping pv
Skipping pwgen
Skipping quickjs
Skipping rclone
Skipping redir
Skipping redis
Skipping resolv-conf
Skipping restic
Skipping ripgrep
Skipping samefile
Skipping secure-delete
Skipping sed
Skipping sensible-utils
Skipping shellharden
Skipping speexdsp
Skipping sshpass
Skipping strace
Skipping syncthing
Skipping termimage
Skipping termux-am
Skipping termux-exec
Skipping termux-keyring
Skipping termux-licenses
Skipping teseq
Skipping tinyproxy
Skipping tinyscheme
Skipping tracepath
Skipping tsocks
Skipping tsu
Skipping ttyrec
Skipping tweego
Skipping unicorn
Skipping unifdef
Skipping utf8cpp
Skipping utf8proc
Skipping valgrind
Skipping vegeta
Skipping vttest
Skipping wol
Skipping wuzz
Skipping xvidcore
Skipping yajl
Skipping yasm
Skipping zlib
Skipping zsync
Skipping libcap
Skipping openssl
Skipping fcgiwrap
Skipping libmaxminddb
Skipping direvent
Skipping libpopt
Skipping remind
Skipping dos2unix
Skipping findutils
Skipping hfsutils
Skipping indent
Skipping mlocate
Skipping sharutils
Skipping tree
Skipping unzip
Skipping zip
Skipping ddrescue
Skipping google-glog
Skipping googletest
Skipping gperf
Skipping hashdeep
Skipping hugo
Skipping jsoncpp
Skipping keystone
Skipping leveldb
Skipping libconfig
Skipping libdispatch
Skipping libgraphite
Skipping libicu
Skipping libvpx
Skipping libx265
Skipping libzopfli
Skipping lzip
Skipping ninja
Skipping ocrad
Skipping p7zip
Skipping patchelf
Skipping play-audio
Skipping ragel
Skipping termux-elf-cleaner
Skipping timewarrior
Skipping unrar
Skipping utfdecode
Skipping vtutils
Skipping gpsbabel
Skipping codecrypt
Skipping libcln
Skipping libisl
Skipping libmpfr
Skipping libnettle
Skipping ssss
Skipping libassuan
Skipping libgcrypt
Skipping libksba
Skipping coreutils
Skipping ctags
Skipping diffutils
Skipping doxygen
Skipping libidn
Skipping libunistring
Skipping mtools
Skipping tar
Skipping libjasper
Skipping lzop
Skipping libnftnl
Skipping mpc
Skipping libflac
Skipping liboggz
Skipping libvorbis
Skipping libopusenc
Skipping opusfile
Skipping memcached
Skipping c-toxcore
Skipping libzmq
Skipping proot
Skipping libtermkey
Skipping apr
Skipping radare2
Skipping wren
Skipping plzip
Skipping bison
Skipping flex
Skipping bmon
Skipping bvi
Skipping calcurse
Skipping cmatrix
Skipping cscope
Skipping dialog
Skipping dvtm
Skipping gcal
Skipping gnuit
Skipping gtypist
Skipping hexcurse
Skipping hexedit
Skipping htop
Skipping joe
Skipping jupp
Skipping kakoune
Skipping less
Skipping libedit
Skipping libmp3lame
Skipping loksh
Skipping mdp
Skipping mg
Skipping minicom
Skipping multitail
Skipping nano
Skipping ncdu
Skipping ne
Skipping oleo
Skipping pick
Skipping procps
Skipping psmisc
Skipping readline
Skipping sc
Skipping sl
Skipping stag
Skipping stfl
Skipping tmux
Skipping tty-clock
Skipping vim
Skipping zile
Building grep... done in 52
Building ack-grep... done in 10
Building autoconf... done in 22
Building colordiff... done in 6
Building cowsay... done in 8
Building help2man... done in 8
Building ipcalc... done in 7
Building parallel... done in 18
Building stow... done in 14
Building game-repo... done in 5
Building root-repo... done in 6
Building science-repo... done in 6
Building unstable-repo... done in 6
Building x11-repo... done in 5
Building wireguard-tools... done in 16
Building atomicparsley... done in 25
Building binutils... done in 289
Building ccache... done in 18
Building cvs... done in 67
Building exa... done in 218
Building exiv2... done in 97
Building file... done in 43
Building glib... done in 126
Building libcaca... done in 50
Building libelf... ERROR: See /home/builder/.termux-build/_buildall-all/libelf.err
Skipping algernon
Skipping antiword
Skipping apksigner
Skipping aptly
Skipping argp
Skipping arj
Skipping attr
Skipping blogc
Skipping brotli
Skipping busybox
Skipping c-ares
Skipping ca-certificates
Skipping cabextract
Skipping caddy
Skipping capstone
Skipping cmark
Skipping command-not-found
Skipping cppi
Skipping crunch
Skipping cryptopp
Skipping daemonize
Skipping darkhttpd
Skipping dash
Skipping dasm
Skipping datamash
Skipping debianutils
Skipping direnv
Skipping diskus
Skipping dnsmasq
Skipping dtc
Skipping dx
Skipping ecj
Skipping ed
Skipping espeak
Skipping fastmod
Skipping fcgi
Skipping fd
Skipping fdupes
Skipping fftw
Skipping figlet
Skipping fortune
Skipping fsmon
Skipping gbt
Skipping gdbm
Skipping geoip2-database
Skipping getconf
Skipping geth
Skipping giflib
Skipping gifsicle
Skipping git-lfs
Skipping gotty
Skipping gsl
Skipping gumbo-parser
Skipping gzip
Skipping hexyl
Skipping heyu
Skipping hoedown
Skipping hunspell-en-us
Skipping hunspell-ru
Skipping hyperfine
Skipping inotify-tools
Skipping ipfs
Skipping ired
Skipping jhead
Skipping jq
Skipping json-c
Skipping keybase
Skipping kona
Skipping lhasa
Skipping libandroid-glob
Skipping libandroid-shmem
Skipping libandroid-spawn
Skipping libandroid-support
Skipping libbsd
Skipping libbz2
Skipping libc++
Skipping libconfuse
Skipping libcue
Skipping libdb
Skipping libduktape
Skipping libev
Skipping libevent
Skipping libexif
Skipping libexpat
Skipping libffi
Skipping libgc
Skipping libgfshare
Skipping libgmp
Skipping libgpg-error
Skipping libiconv
Skipping libjansson
Skipping libjpeg-turbo
Skipping liblz4
Skipping liblzma
Skipping liblzo
Skipping libmad
Skipping libmcrypt
Skipping libmhash
Skipping libmnl
Skipping libmpdclient
Skipping libmsgpack
Skipping libnet
Skipping libnfs
Skipping libnghttp2
Skipping libnl
Skipping libnpth
Skipping libogg
Skipping libopus
Skipping libpcap
Skipping libpipeline
Skipping libpixman
Skipping libsasl
Skipping libsigsegv
Skipping libsodium
Skipping libsoxr
Skipping libtalloc
Skipping libunibilium
Skipping libuuid
Skipping libuv
Skipping libvterm
Skipping libwebp
Skipping libx264
Skipping libyaml
Skipping lzlib
Skipping m4
Skipping make
Skipping mbedtls
Skipping micro
Skipping mime-support
Skipping mksh
Skipping mktorrent
Skipping morse2ascii
Skipping ncompress
Skipping ncurses
Skipping ndk-multilib
Skipping ndk-sysroot
Skipping net-tools
Skipping nyancat
Skipping openal-soft
Skipping ossp-uuid
Skipping par2
Skipping patch
Skipping pcre
Skipping pcre2
Skipping perl
Skipping pforth
Skipping proxychains-ng
Skipping pv
Skipping pwgen
Skipping quickjs
Skipping rclone
Skipping redir
Skipping redis
Skipping resolv-conf
Skipping restic
Skipping ripgrep
Skipping samefile
Skipping secure-delete
Skipping sed
Skipping sensible-utils
Skipping shellharden
Skipping speexdsp
Skipping sshpass
Skipping strace
Skipping syncthing
Skipping termimage
Skipping termux-am
Skipping termux-exec
Skipping termux-keyring
Skipping termux-licenses
Skipping teseq
Skipping tinyproxy
Skipping tinyscheme
Skipping tracepath
Skipping tsocks
Skipping tsu
Skipping ttyrec
Skipping tweego
Skipping unicorn
Skipping unifdef
Skipping utf8cpp
Skipping utf8proc
Skipping valgrind
Skipping vegeta
Skipping vttest
Skipping wol
Skipping wuzz
Skipping xvidcore
Skipping yajl
Skipping yasm
Skipping zlib
Skipping zsync
Skipping libcap
Skipping openssl
Skipping fcgiwrap
Skipping libmaxminddb
Skipping direvent
Skipping libpopt
Skipping remind
Skipping dos2unix
Skipping findutils
Skipping hfsutils
Skipping indent
Skipping mlocate
Skipping sharutils
Skipping tree
Skipping unzip
Skipping zip
Skipping ddrescue
Skipping google-glog
Skipping googletest
Skipping gperf
Skipping hashdeep
Skipping hugo
Skipping jsoncpp
Skipping keystone
Skipping leveldb
Skipping libconfig
Skipping libdispatch
Skipping libgraphite
Skipping libicu
Skipping libvpx
Skipping libx265
Skipping libzopfli
Skipping lzip
Skipping ninja
Skipping ocrad
Skipping p7zip
Skipping patchelf
Skipping play-audio
Skipping ragel
Skipping termux-elf-cleaner
Skipping timewarrior
Skipping unrar
Skipping utfdecode
Skipping vtutils
Skipping gpsbabel
Skipping codecrypt
Skipping libcln
Skipping libisl
Skipping libmpfr
Skipping libnettle
Skipping ssss
Skipping libassuan
Skipping libgcrypt
Skipping libksba
Skipping coreutils
Skipping ctags
Skipping diffutils
Skipping doxygen
Skipping libidn
Skipping libunistring
Skipping mtools
Skipping tar
Skipping libjasper
Skipping lzop
Skipping libnftnl
Skipping mpc
Skipping libflac
Skipping liboggz
Skipping libvorbis
Skipping libopusenc
Skipping opusfile
Skipping memcached
Skipping c-toxcore
Skipping libzmq
Skipping proot
Skipping libtermkey
Skipping apr
Skipping radare2
Skipping wren
Skipping plzip
Skipping bison
Skipping flex
Skipping bmon
Skipping bvi
Skipping calcurse
Skipping cmatrix
Skipping cscope
Skipping dialog
Skipping dvtm
Skipping gcal
Skipping gnuit
Skipping gtypist
Skipping hexcurse
Skipping hexedit
Skipping htop
Skipping joe
Skipping jupp
Skipping kakoune
Skipping less
Skipping libedit
Skipping libmp3lame
Skipping loksh
Skipping mdp
Skipping mg
Skipping minicom
Skipping multitail
Skipping nano
Skipping ncdu
Skipping ne
Skipping oleo
Skipping pick
Skipping procps
Skipping psmisc
Skipping readline
Skipping sc
Skipping sl
Skipping stag
Skipping stfl
Skipping tmux
Skipping tty-clock
Skipping vim
Skipping zile
Skipping grep
Skipping ack-grep
Skipping autoconf
Skipping colordiff
Skipping cowsay
Skipping help2man
Skipping ipcalc
Skipping parallel
Skipping stow
Skipping game-repo
Skipping root-repo
Skipping science-repo
Skipping unstable-repo
Skipping x11-repo
Skipping wireguard-tools
Skipping atomicparsley
Skipping binutils
Skipping ccache
Skipping cvs
Skipping exa
Skipping exiv2
Skipping file
Skipping glib
Skipping libcaca
Skipping libelf
Building libid3tag... done in 33
Building libpng... done in 26
Building libprotobuf... done in 173
Building libtiff... done in 60
Building libxapian... done in 236
Building libxml2... done in 72
Building pigz... done in 11
Building potrace... done in 18
Building privoxy... done in 31
Building qpdf... done in 126
Building silversearcher-ag... done in 15
Building steghide... done in 54
Building swig... done in 61
Building teckit... done in 60
Building zstd... done in 49
Building fakeroot... done in 34
Building apk-tools... done in 12
Building axel... done in 26
Building erlang... done in 1578
Finished
